Arguments: 
  C:\Program Files\nodejs\node.exe C:\Users\HITMAN\AppData\Roaming\npm\node_modules\yarn\bin\yarn.js install

PATH: 
  C:\Windows\system32\WBEM;C:\Windows\system32\WBEM;C:\Windows\system32\WBEM;C:\Windows\system32\WBEM;C:\Windows\system32;C:\Windows;C:\Windows\System32\Wbem;C:\Windows\System32\WindowsPowerShell\v1.0\;C:\Windows\System32\OpenSSH\;C:\Program Files (x86)\NVIDIA Corporation\PhysX\Common;C:\Program Files\NVIDIA Corporation\NVIDIA NvDLISR;C:\Program Files\NVIDIA GPU Computing Toolkit\CUDA\v10.1\cuda\bin;C:\Program Files\NVIDIA GPU Computing Toolkit\CUDA\v10.1\bin;C:\Program Files\NVIDIA GPU Computing Toolkit\CUDA\v10.1\libnvvp;C:\Program Files\NVIDIA GPU Computing Toolkit\CUDA\v10.1\extras\CUPTI\lib64;C:\Python38\Scripts\;C:\Python38\;C:\Users\HITMAN\AppData\Local\Microsoft\WindowsApps;C:\Microsoft VS Code\bin;C:\Users\HITMAN\.dotnet\tools;C:\Users\HITMAN\AppData\Roaming\npm;C:\Users\HITMAN\.cargo\bin;C:\Users\HITMAN\AppData\Local\Android\Sdk\platform-tools;C:\Program Files\Java\jdk-16\bin;C:\spark\bin;C:\Program Files\NVIDIA Corporation\Nsight Compute 2021.2.1\;C:\Program Files\Git\cmd;E:\Tools\Dev Tools\ProjectManager;C:\Users\HITMAN\.local\share\solana\install\active_release\bin;C:\Program Files\Azure Data Studio\bin;%Spark_Home%\bin;c:\xampp\php\;C:\Users\HITMAN\AppData\Roaming\Composer\vendor\bin;C:\Program Files\nodejs\;C:\ProgramData\chocolatey\bin;E:\Tools\Dev Tools\ProjectManager;C:\Users\HITMAN\.local\share\solana\install\active_release\bin;C:\Python38\Scripts\;C:\Python38\;C:\Users\HITMAN\AppData\Local\Microsoft\WindowsApps;C:\Microsoft VS Code\bin;C:\Users\HITMAN\.dotnet\tools;C:\Users\HITMAN\AppData\Local\Android\Sdk\platform-tools;C:\Program Files\Azure Data Studio\bin;C:\Program Files\Java\jdk-16\bin;%Spark_Home%\bin;c:\xampp\php\;C:\Users\HITMAN\AppData\Roaming\Composer\vendor\bin;C:\Users\HITMAN\AppData\Roaming\npm

Yarn version: 
  1.22.11

Node version: 
  16.13.2

Platform: 
  win32 x64

Trace: 
  Error: connect ECONNREFUSED 104.16.20.35:443
      at TCPConnectWrap.afterConnect [as oncomplete] (node:net:1161:16)

npm manifest: 
  {
    "name": "@solana/spl-token-swap",
    "version": "0.1.2",
    "description": "SPL Token Swap JavaScript API",
    "license": "MIT",
    "author": "Solana Maintainers <maintainers@solana.foundation>",
    "homepage": "https://solana.com/",
    "repository": {
      "type": "git",
      "url": "https://github.com/solana-labs/solana-program-library"
    },
    "bugs": {
      "url": "https://github.com/solana-labs/solana-program-library/issues"
    },
    "publishConfig": {
      "access": "public"
    },
    "browser": "dist.browser/index.js",
    "main": "dist/index.js",
    "types": "dist/index.d.ts",
    "browserslist": [
      "defaults",
      "not IE 11",
      "maintained node versions"
    ],
    "files": [
      "/dist",
      "/dist.browser"
    ],
    "scripts": {
      "build": "tsc && tsc -p tsconfig.browser.json && npm run generate:flow",
      "prepare": "npm run build",
      "test": "ts-node cli/script-main.ts",
      "start": "ts-node cli/main.ts",
      "start-with-test-validator": "start-server-and-test 'solana-test-validator --bpf-program SwaPpA9LAaLfeLi3a68M4DjnLqgtticKg6CnyNwgAC8 ../../target/deploy/spl_token_swap.so --reset --quiet' http://localhost:8899/health start",
      "lint": "npm run pretty && eslint .",
      "lint:fix": "npm run pretty:fix && eslint . --fix",
      "generate:flow": "flowgen dist/index.d.ts -o dist/module.flow.js",
      "lint:watch": "watch 'npm run lint:fix' . --wait=1",
      "build:program": "cargo build-bpf --manifest-path ../program/Cargo.toml",
      "cluster:localnet": "rm -f .env",
      "cluster:devnet": "cp cluster-devnet.env .env",
      "cluster:testnet": "cp cluster-testnet.env .env",
      "cluster:mainnet-beta": "cp cluster-mainnet-beta.env .env",
      "pretty": "prettier --check '{,???/**/}*.ts'",
      "pretty:fix": "prettier --write '{,???/**/}*.ts'"
    },
    "keywords": [],
    "dependencies": {
      "@solana/web3.js": "^1.10.0",
      "bn.js": "^5.1.3",
      "@solana/buffer-layout": "^3.0.0",
      "dotenv": "10.0.0",
      "json-to-pretty-yaml": "^1.2.2",
      "mkdirp": "1.0.4"
    },
    "devDependencies": {
      "@solana/spl-token": "0.1.8",
      "@types/bn.js": "^5.1.0",
      "eslint": "^7.9.0",
      "eslint-plugin-import": "^2.22.0",
      "flow-bin": "0.161.0",
      "flow-typed": "^3.2.0",
      "flowgen": "^1.14.1",
      "mz": "^2.7.0",
      "prettier": "^2.1.2",
      "start-server-and-test": "^1.11.6",
      "ts-node": "^10.0.0",
      "typescript": "^4.2.4",
      "watch": "^1.0.2"
    },
    "engines": {
      "node": ">= 10"
    }
  }

yarn manifest: 
  No manifest

Lockfile: 
  No lockfile
